Added Component: Designator=J3(CONN_USB3076-30-A_GCT)
Add component (AddParameter): Name = "Availability"; Value = "In Stock"; VariantName = "[No Variations]"
Add component (AddParameter): Name = "Check_prices"; Value = "https://www.snapeda.com/parts/10118193-0001LF/Amphenol+FCI/view-part/?ref=eda"; VariantName = "[No Variations]"
Add component (AddParameter): Name = "MF"; Value = "Amphenol ICC"; VariantName = "[No Variations]"
Add component (AddParameter): Name = "MP"; Value = "10118193-0001LF"; VariantName = "[No Variations]"
Add component (AddParameter): Name = "Package"; Value = "None"; VariantName = "[No Variations]"
Add component (AddParameter): Name = "Price"; Value = "None"; VariantName = "[No Variations]"
Add component (AddParameter): Name = "Purchase-URL"; Value = "https://pricing.snapeda.com/search/part/10118193-0001LF/?ref=eda"; VariantName = "[No Variations]"
Add component (AddParameter): Name = "SnapEDA_Link"; Value = "https://www.snapeda.com/parts/10118193-0001LF/Amphenol+FCI/view-part/?ref=snap"; VariantName = "[No Variations]"
Add component (AddParameter): Name = "Value"; Value = ""; VariantName = "[No Variations]"
Added Pin To Net: NetName=USB D_N Pin=J3-2
Added Pin To Net: NetName=USB D_P Pin=J3-3
Added Pin To Net: NetName=GND Pin=J3-5
Add Pin To Net: Unknown Pin: Pin J3-S1
Add Pin To Net: Unknown Pin: Pin J3-S2
Add Pin To Net: Unknown Pin: Pin J3-S3
Add Pin To Net: Unknown Pin: Pin J3-S4
Add Pin To Net: Unknown Pin: Pin J3-S5
Add Pin To Net: Unknown Pin: Pin J3-S6
Added Member To Class: ClassName=NodeController Member=Component J3 USB3076-XX-X_REVC5
