Removed Pin From Net: NetName=GND Pin=J3-6
Removed Pin From Net: NetName=GND Pin=J3-7
Removed Pin From Net: NetName=GND Pin=J3-8
Removed Pin From Net: NetName=GND Pin=J3-9
Removed Pin From Net: NetName=GND Pin=J3-10
Removed Pin From Net: NetName=GND Pin=J3-11
Change component parameters: Designator = "J3" ("J3"); Footprint = "GCT_USB3076-XX-X_REVC5"; UniqueID = "\AHBCJQXN" ("\AHBCJQXN")
Change component parameters (AddParameter): Name = "Availability"; Value = "In Stock"; VariantName = "[No Variations]"
Change component parameters (AddParameter): Name = "Check_prices"; Value = "https://www.snapeda.com/parts/10118193-0001LF/Amphenol+FCI/view-part/?ref=eda"; VariantName = "[No Variations]"
Change component parameters (AddParameter): Name = "MF"; Value = "Amphenol ICC"; VariantName = "[No Variations]"
Change component parameters (AddParameter): Name = "MP"; Value = "10118193-0001LF"; VariantName = "[No Variations]"
Change component parameters (AddParameter): Name = "Package"; Value = "None"; VariantName = "[No Variations]"
Change component parameters (AddParameter): Name = "Price"; Value = "None"; VariantName = "[No Variations]"
Change component parameters (AddParameter): Name = "Purchase-URL"; Value = "https://pricing.snapeda.com/search/part/10118193-0001LF/?ref=eda"; VariantName = "[No Variations]"
Change component parameters (AddParameter): Name = "SnapEDA_Link"; Value = "https://www.snapeda.com/parts/10118193-0001LF/Amphenol+FCI/view-part/?ref=snap"; VariantName = "[No Variations]"
Change component parameters (AddParameter): Name = "Value"; Value = ""; VariantName = "[No Variations]"
Add Pin To Net: Unknown Pin: Pin J3-S1
Add Pin To Net: Unknown Pin: Pin J3-S2
Add Pin To Net: Unknown Pin: Pin J3-S3
Add Pin To Net: Unknown Pin: Pin J3-S4
Add Pin To Net: Unknown Pin: Pin J3-S5
Add Pin To Net: Unknown Pin: Pin J3-S6
Change Net Name : Old Net Name=CAN_H New Net Name=CAN_H_P
Change Net Name : Old Net Name=CAN_L New Net Name=CAN_L_N
Change Net Name : Old Net Name=USB D+ New Net Name=USB D_P
Change Net Name : Old Net Name=USB D- New Net Name=USB D_N
Add Differential Pair: Number of nets in differential pair CAN_H is 1 instead of 2
Add Differential Pair: Number of nets in differential pair CAN_L is 1 instead of 2
Added Differential Pair: Name=USB D
Added Member To Class: ClassName=NodeController Member=Component J3 USB3076-XX-X_REVC5
Added Member To Class: ClassName=NodeController Member=Component J8 CON2X1
